<?xml version="1.0" encoding="UTF-8"?>
<testsuite name="com.ivolve.AppTest" tests="1" skipped="0" failures="0" errors="0" timestamp="2025-10-20T17:57:12" hostname="master" time="0.008">
  <properties/>
  <testcase name="testMainOutput" classname="com.ivolve.AppTest" time="0.008"/>
  <system-out><![CDATA[]]></system-out>
  <system-err><![CDATA[]]></system-err>
</testsuite>
